<?xml version="1.0" encoding="UTF-8"?>
<!-- Generated by org.testng.reporters.JUnitXMLReporter -->
<testsuite ignored="0" hostname="DESKTOP-9T9JITS" failures="0" tests="3" name="Default test" time="23.874" errors="0" timestamp="2026-02-13T08:40:41 IST">
  <testcase classname="testCases.inventoryPage_Test" name="addProductToCartTest" time="5.422"/>
  <testcase classname="testCases.inventoryPage_Test" name="remove2ProductsTest" time="5.551"/>
  <testcase classname="testCases.inventoryPage_Test" name="verifyPageTitleTest" time="0.36"/>
</testsuite> <!-- Default test -->
