<?xml version="1.0" encoding="UTF-8"?>
<!-- Generated by org.testng.reporters.JUnitXMLReporter -->
<testsuite ignored="0" hostname="QA" failures="0" tests="3" name="Default test" time="8.261" errors="0" timestamp="2026-02-13T15:10:58 IST">
  <testcase classname="testCases.LoginPage_Test" name="loginToAppTest" time="1.045"/>
  <testcase classname="testCases.LoginPage_Test" name="verifyTitleofWebsite" time="0.054"/>
  <testcase classname="testCases.LoginPage_Test" name="verifyURLofWebsiteTest" time="0.046"/>
</testsuite> <!-- Default test -->
