<?xml version="1.0" encoding="UTF-8"?>
<testng-results ignored="0" total="2" passed="2" failed="0" skipped="0">
  <reporter-output>
    <line>
      <![CDATA[Added product in cart count is = 2]]>
    </line>
    <line>
      <![CDATA[Inventory Page title = Products]]>
    </line>
  </reporter-output>
  <suite started-at="2026-02-12T12:24:27 IST" name="Default suite" finished-at="2026-02-12T12:24:44 IST" duration-ms="17457">
    <groups>
    </groups>
    <test started-at="2026-02-12T12:24:27 IST" name="Default test" finished-at="2026-02-12T12:24:44 IST" duration-ms="17457">
      <class name="testCases.inventoryPage_Test">
        <test-method is-config="true" signature="setUp()[pri:0, instance:testCases.inventoryPage_Test@10683d9d]" started-at="2026-02-12T12:24:27 IST" name="setUp" finished-at="2026-02-12T12:24:34 IST" duration-ms="7475" status="PASS">
          <reporter-output>
          </reporter-output>
        </test-method> <!-- setUp -->
        <test-method signature="addProductToCartTest()[pri:0, instance:testCases.inventoryPage_Test@10683d9d]" started-at="2026-02-12T12:24:34 IST" name="addProductToCartTest" finished-at="2026-02-12T12:24:38 IST" duration-ms="3336" status="PASS">
          <reporter-output>
            <line>
              <![CDATA[Added product in cart count is = 2]]>
            </line>
          </reporter-output>
        </test-method> <!-- addProductToCartTest -->
        <test-method is-config="true" signature="closeBrowser()[pri:0, instance:testCases.inventoryPage_Test@10683d9d]" started-at="2026-02-12T12:24:38 IST" name="closeBrowser" finished-at="2026-02-12T12:24:38 IST" duration-ms="177" status="PASS">
          <reporter-output>
          </reporter-output>
        </test-method> <!-- closeBrowser -->
        <test-method is-config="true" signature="setUp()[pri:0, instance:testCases.inventoryPage_Test@10683d9d]" started-at="2026-02-12T12:24:38 IST" name="setUp" finished-at="2026-02-12T12:24:44 IST" duration-ms="6231" status="PASS">
          <reporter-output>
          </reporter-output>
        </test-method> <!-- setUp -->
        <test-method signature="verifyPageTitleTest()[pri:0, instance:testCases.inventoryPage_Test@10683d9d]" started-at="2026-02-12T12:24:44 IST" name="verifyPageTitleTest" finished-at="2026-02-12T12:24:44 IST" duration-ms="44" status="PASS">
          <reporter-output>
            <line>
              <![CDATA[Inventory Page title = Products]]>
            </line>
          </reporter-output>
        </test-method> <!-- verifyPageTitleTest -->
        <test-method is-config="true" signature="closeBrowser()[pri:0, instance:testCases.inventoryPage_Test@10683d9d]" started-at="2026-02-12T12:24:44 IST" name="closeBrowser" finished-at="2026-02-12T12:24:44 IST" duration-ms="148" status="PASS">
          <reporter-output>
          </reporter-output>
        </test-method> <!-- closeBrowser -->
      </class> <!-- testCases.inventoryPage_Test -->
    </test> <!-- Default test -->
  </suite> <!-- Default suite -->
</testng-results>
