<?xml version="1.0" encoding="UTF-8"?>
<testng-results ignored="0" total="3" passed="3" failed="0" skipped="0">
  <reporter-output>
    <line>
      <![CDATA[Added product in cart count is = 6]]>
    </line>
    <line>
      <![CDATA[Added product in cart count is = 4]]>
    </line>
    <line>
      <![CDATA[Inventory Page title = Products]]>
    </line>
  </reporter-output>
  <suite started-at="2026-02-13T08:40:17 IST" name="Default suite" finished-at="2026-02-13T08:40:41 IST" duration-ms="23874">
    <groups>
    </groups>
    <test started-at="2026-02-13T08:40:17 IST" name="Default test" finished-at="2026-02-13T08:40:41 IST" duration-ms="23874">
      <class name="testCases.inventoryPage_Test">
        <test-method is-config="true" signature="setUp()[pri:0, instance:testCases.inventoryPage_Test@35dab4eb]" started-at="2026-02-13T08:40:17 IST" name="setUp" finished-at="2026-02-13T08:40:22 IST" duration-ms="5184" status="PASS">
          <reporter-output>
          </reporter-output>
        </test-method> <!-- setUp -->
        <test-method signature="addProductToCartTest()[pri:0, instance:testCases.inventoryPage_Test@35dab4eb]" started-at="2026-02-13T08:40:22 IST" name="addProductToCartTest" finished-at="2026-02-13T08:40:28 IST" duration-ms="5422" status="PASS">
          <reporter-output>
            <line>
              <![CDATA[Added product in cart count is = 6]]>
            </line>
          </reporter-output>
        </test-method> <!-- addProductToCartTest -->
        <test-method is-config="true" signature="closeBrowser()[pri:0, instance:testCases.inventoryPage_Test@35dab4eb]" started-at="2026-02-13T08:40:28 IST" name="closeBrowser" finished-at="2026-02-13T08:40:28 IST" duration-ms="512" status="PASS">
          <reporter-output>
          </reporter-output>
        </test-method> <!-- closeBrowser -->
        <test-method is-config="true" signature="setUp()[pri:0, instance:testCases.inventoryPage_Test@35dab4eb]" started-at="2026-02-13T08:40:28 IST" name="setUp" finished-at="2026-02-13T08:40:31 IST" duration-ms="3059" status="PASS">
          <reporter-output>
          </reporter-output>
        </test-method> <!-- setUp -->
        <test-method signature="remove2ProductsTest()[pri:0, instance:testCases.inventoryPage_Test@35dab4eb]" started-at="2026-02-13T08:40:31 IST" name="remove2ProductsTest" finished-at="2026-02-13T08:40:37 IST" duration-ms="5551" status="PASS">
          <reporter-output>
            <line>
              <![CDATA[Added product in cart count is = 4]]>
            </line>
          </reporter-output>
        </test-method> <!-- remove2ProductsTest -->
        <test-method is-config="true" signature="closeBrowser()[pri:0, instance:testCases.inventoryPage_Test@35dab4eb]" started-at="2026-02-13T08:40:37 IST" name="closeBrowser" finished-at="2026-02-13T08:40:37 IST" duration-ms="319" status="PASS">
          <reporter-output>
          </reporter-output>
        </test-method> <!-- closeBrowser -->
        <test-method is-config="true" signature="setUp()[pri:0, instance:testCases.inventoryPage_Test@35dab4eb]" started-at="2026-02-13T08:40:37 IST" name="setUp" finished-at="2026-02-13T08:40:40 IST" duration-ms="2957" status="PASS">
          <reporter-output>
          </reporter-output>
        </test-method> <!-- setUp -->
        <test-method signature="verifyPageTitleTest()[pri:0, instance:testCases.inventoryPage_Test@35dab4eb]" started-at="2026-02-13T08:40:40 IST" name="verifyPageTitleTest" finished-at="2026-02-13T08:40:40 IST" duration-ms="360" status="PASS">
          <reporter-output>
            <line>
              <![CDATA[Inventory Page title = Products]]>
            </line>
          </reporter-output>
        </test-method> <!-- verifyPageTitleTest -->
        <test-method is-config="true" signature="closeBrowser()[pri:0, instance:testCases.inventoryPage_Test@35dab4eb]" started-at="2026-02-13T08:40:40 IST" name="closeBrowser" finished-at="2026-02-13T08:40:41 IST" duration-ms="422" status="PASS">
          <reporter-output>
          </reporter-output>
        </test-method> <!-- closeBrowser -->
      </class> <!-- testCases.inventoryPage_Test -->
    </test> <!-- Default test -->
  </suite> <!-- Default suite -->
</testng-results>
