<?xml version="1.0" encoding="UTF-8"?>
<!-- Generated by org.testng.reporters.JUnitReportReporter -->
<testsuite hostname="QA" failures="0" tests="2" name="testCases.inventoryPage_Test" time="17.411" errors="0" timestamp="2026-02-12T12:24:45 IST" skipped="0">
  <testcase classname="testCases.inventoryPage_Test" name="addProductToCartTest" time="10.959"/>
  <system-out>
    <![CDATA[Added product in cart count is = 2]]>
  </system-out>
  <testcase classname="testCases.inventoryPage_Test" name="verifyPageTitleTest" time="6.452"/>
  <system-out>
    <![CDATA[Inventory Page title = Products]]>
  </system-out>
</testsuite> <!-- testCases.inventoryPage_Test -->
