<?xml version="1.0" encoding="UTF-8"?>
<!-- Generated by org.testng.reporters.JUnitReportReporter -->
<testsuite hostname="QA" failures="0" tests="3" name="testCases.LoginPage_Test" time="8.210" errors="0" timestamp="2026-02-13T15:10:58 IST" skipped="0">
  <testcase classname="testCases.LoginPage_Test" name="verifyTitleofWebsite" time="2.016"/>
  <system-out>
    <![CDATA[Title of website = Swag Labs]]>
  </system-out>
  <testcase classname="testCases.LoginPage_Test" name="loginToAppTest" time="4.308"/>
  <system-out>
    <![CDATA[Login Successful = https://www.saucedemo.com/inventory.html]]>
  </system-out>
  <testcase classname="testCases.LoginPage_Test" name="verifyURLofWebsiteTest" time="1.886"/>
  <system-out>
    <![CDATA[URL of website = https://www.saucedemo.com/]]>
  </system-out>
</testsuite> <!-- testCases.LoginPage_Test -->
