<?xml version="1.0" encoding="UTF-8"?>
<!-- Generated by org.testng.reporters.JUnitReportReporter -->
<testsuite hostname="DESKTOP-9T9JITS" failures="0" tests="3" name="testCases.inventoryPage_Test" time="23.786" errors="0" timestamp="2026-02-13T08:40:41 IST" skipped="0">
  <testcase classname="testCases.inventoryPage_Test" name="verifyPageTitleTest" time="5.863"/>
  <system-out>
    <![CDATA[Inventory Page title = Products]]>
  </system-out>
  <testcase classname="testCases.inventoryPage_Test" name="remove2ProductsTest" time="9.122"/>
  <system-out>
    <![CDATA[Added product in cart count is = 4]]>
  </system-out>
  <testcase classname="testCases.inventoryPage_Test" name="addProductToCartTest" time="8.801"/>
  <system-out>
    <![CDATA[Added product in cart count is = 6]]>
  </system-out>
</testsuite> <!-- testCases.inventoryPage_Test -->
