<?xml version="1.0" encoding="UTF-8"?>
<!-- Generated by org.testng.reporters.JUnitReportReporter -->
<testsuite hostname="DESKTOP-9T9JITS" failures="0" tests="3" name="testCases.LoginPage_Test" time="17.586" errors="0" timestamp="2026-02-13T08:35:53 IST" skipped="0">
  <testcase classname="testCases.LoginPage_Test" name="verifyTitleofWebsite" time="5.722"/>
  <system-out>
    <![CDATA[Title of website = Swag Labs]]>
  </system-out>
  <testcase classname="testCases.LoginPage_Test" name="loginToAppTest" time="8.826"/>
  <system-out>
    <![CDATA[Login Successful = https://www.saucedemo.com/inventory.html]]>
  </system-out>
  <testcase classname="testCases.LoginPage_Test" name="verifyURLofWebsiteTest" time="3.038"/>
  <system-out>
    <![CDATA[URL of website = https://www.saucedemo.com/]]>
  </system-out>
</testsuite> <!-- testCases.LoginPage_Test -->
