<?xml version="1.0" encoding="UTF-8"?>
<!-- Generated by org.testng.reporters.JUnitReportReporter -->
<testsuite hostname="DESKTOP-9T9JITS" failures="0" tests="3" name="testCases.LoginPage_Test" time="8.515" errors="0" timestamp="2026-02-12T08:21:42 IST" skipped="0">
  <testcase classname="testCases.LoginPage_Test" name="loginToAppTest" time="2.626"/>
  <system-out>
    <![CDATA[Login Successful = https://www.saucedemo.com/inventory.html]]>
  </system-out>
  <testcase classname="testCases.LoginPage_Test" name="verifyURLofWebsiteTest" time="2.758"/>
  <system-out>
    <![CDATA[URL of website = https://www.saucedemo.com/]]>
  </system-out>
  <testcase classname="testCases.LoginPage_Test" name="verifyTitleofWebsite" time="3.131"/>
  <system-out>
    <![CDATA[Title of website = Swag Labs]]>
  </system-out>
</testsuite> <!-- testCases.LoginPage_Test -->
